[04-Jul-2012 17:02:24] PHP Notice:  Trying to get property of non-object in C:\Dropbox\Dev\Golf\users\funcs.user.php on line 170
[04-Jul-2012 17:02:24] PHP Notice:  Trying to get property of non-object in C:\Dropbox\Dev\Golf\users\funcs.user.php on line 172
[04-Jul-2012 17:05:26] PHP Notice:  Trying to get property of non-object in C:\Dropbox\Dev\Golf\users\funcs.user.php on line 170
[04-Jul-2012 17:05:26] PHP Notice:  Trying to get property of non-object in C:\Dropbox\Dev\Golf\users\funcs.user.php on line 172
[04-Jul-2012 17:05:41] PHP Catchable fatal error:  Object of class loggedInUser could not be converted to string in C:\Dropbox\Dev\Golf\data\login.php on line 84
[04-Jul-2012 17:07:23] PHP Notice:  Trying to get property of non-object in C:\Dropbox\Dev\Golf\users\funcs.user.php on line 170
[04-Jul-2012 17:07:23] PHP Notice:  Trying to get property of non-object in C:\Dropbox\Dev\Golf\users\funcs.user.php on line 172
[04-Jul-2012 17:08:47] PHP Notice:  Trying to get property of non-object in C:\Dropbox\Dev\Golf\users\funcs.user.php on line 170
[04-Jul-2012 17:08:47] PHP Notice:  Trying to get property of non-object in C:\Dropbox\Dev\Golf\users\funcs.user.php on line 172
[04-Jul-2012 17:08:57] PHP Catchable fatal error:  Object of class loggedInUser could not be converted to string in C:\Dropbox\Dev\Golf\helper\utilities.php on line 18
[04-Jul-2012 17:12:37] PHP Notice:  Trying to get property of non-object in C:\Dropbox\Dev\Golf\users\funcs.user.php on line 170
[04-Jul-2012 17:12:37] PHP Notice:  Trying to get property of non-object in C:\Dropbox\Dev\Golf\users\funcs.user.php on line 172
[04-Jul-2012 17:15:09] PHP Notice:  Trying to get property of non-object in C:\Dropbox\Dev\Golf\users\funcs.user.php on line 170
[04-Jul-2012 17:15:09] PHP Notice:  Trying to get property of non-object in C:\Dropbox\Dev\Golf\users\funcs.user.php on line 172
[04-Jul-2012 17:22:46] PHP Notice:  Trying to get property of non-object in C:\Dropbox\Dev\Golf\users\funcs.user.php on line 170
[04-Jul-2012 17:22:46] PHP Notice:  Trying to get property of non-object in C:\Dropbox\Dev\Golf\users\funcs.user.php on line 172
[04-Jul-2012 17:27:33] PHP Notice:  Trying to get property of non-object in C:\Dropbox\Dev\Golf\users\funcs.user.php on line 170
[04-Jul-2012 17:27:33] PHP Notice:  Trying to get property of non-object in C:\Dropbox\Dev\Golf\users\funcs.user.php on line 172
[04-Jul-2012 17:27:36] PHP Notice:  Trying to get property of non-object in C:\Dropbox\Dev\Golf\users\funcs.user.php on line 170
[04-Jul-2012 17:27:36] PHP Notice:  Trying to get property of non-object in C:\Dropbox\Dev\Golf\users\funcs.user.php on line 172
[04-Jul-2012 17:29:13] PHP Notice:  Trying to get property of non-object in C:\Dropbox\Dev\Golf\users\funcs.user.php on line 170
[04-Jul-2012 17:29:13] PHP Notice:  Trying to get property of non-object in C:\Dropbox\Dev\Golf\users\funcs.user.php on line 172
[04-Jul-2012 17:29:15] PHP Notice:  Trying to get property of non-object in C:\Dropbox\Dev\Golf\users\funcs.user.php on line 170
[04-Jul-2012 17:29:15] PHP Notice:  Trying to get property of non-object in C:\Dropbox\Dev\Golf\users\funcs.user.php on line 172
[04-Jul-2012 17:38:48] PHP Notice:  Trying to get property of non-object in C:\Dropbox\Dev\Golf\users\funcs.user.php on line 170
[04-Jul-2012 17:38:48] PHP Notice:  Trying to get property of non-object in C:\Dropbox\Dev\Golf\users\funcs.user.php on line 172
[04-Jul-2012 17:39:02] PHP Notice:  Trying to get property of non-object in C:\Dropbox\Dev\Golf\users\funcs.user.php on line 170
[04-Jul-2012 17:39:02] PHP Notice:  Trying to get property of non-object in C:\Dropbox\Dev\Golf\users\funcs.user.php on line 172
[04-Jul-2012 17:45:15] PHP Notice:  Trying to get property of non-object in C:\Dropbox\Dev\Golf\data\scores.php on line 13
[04-Jul-2012 17:45:15] PHP Notice:  Trying to get property of non-object in C:\Dropbox\Dev\Golf\data\users.php on line 15
[04-Jul-2012 17:45:35] PHP Notice:  Trying to get property of non-object in C:\Dropbox\Dev\Golf\data\scores.php on line 13
[04-Jul-2012 17:45:35] PHP Notice:  Trying to get property of non-object in C:\Dropbox\Dev\Golf\data\users.php on line 15
[04-Jul-2012 17:47:23] PHP Notice:  Trying to get property of non-object in C:\Dropbox\Dev\Golf\data\scores.php on line 13
[04-Jul-2012 17:47:23] PHP Notice:  Trying to get property of non-object in C:\Dropbox\Dev\Golf\data\users.php on line 15
[04-Jul-2012 17:47:51] PHP Notice:  Trying to get property of non-object in C:\Dropbox\Dev\Golf\data\scores.php on line 13
[04-Jul-2012 17:47:51] PHP Notice:  Trying to get property of non-object in C:\Dropbox\Dev\Golf\data\users.php on line 15
[04-Jul-2012 17:48:37] PHP Notice:  Trying to get property of non-object in C:\Dropbox\Dev\Golf\data\scores.php on line 13
[04-Jul-2012 17:48:37] PHP Notice:  Trying to get property of non-object in C:\Dropbox\Dev\Golf\data\users.php on line 15
[04-Jul-2012 17:50:20] PHP Notice:  Trying to get property of non-object in C:\Dropbox\Dev\Golf\data\users.php on line 15
[04-Jul-2012 17:50:20] PHP Notice:  Trying to get property of non-object in C:\Dropbox\Dev\Golf\data\scores.php on line 13
[04-Jul-2012 17:50:23] PHP Notice:  Trying to get property of non-object in C:\Dropbox\Dev\Golf\data\users.php on line 15
[04-Jul-2012 17:50:23] PHP Notice:  Trying to get property of non-object in C:\Dropbox\Dev\Golf\data\scores.php on line 13
[04-Jul-2012 17:50:26] PHP Notice:  Trying to get property of non-object in C:\Dropbox\Dev\Golf\users\funcs.user.php on line 170
[04-Jul-2012 17:50:26] PHP Notice:  Trying to get property of non-object in C:\Dropbox\Dev\Golf\users\funcs.user.php on line 172
[04-Jul-2012 17:52:12] PHP Notice:  Trying to get property of non-object in C:\Dropbox\Dev\Golf\data\users.php on line 15
[04-Jul-2012 17:52:12] PHP Notice:  Trying to get property of non-object in C:\Dropbox\Dev\Golf\data\scores.php on line 13
[04-Jul-2012 17:56:57] PHP Notice:  Undefined variable: loggedInUser in C:\Dropbox\Dev\Golf\data\users.php on line 14
[04-Jul-2012 17:56:57] PHP Notice:  Trying to get property of non-object in C:\Dropbox\Dev\Golf\data\scores.php on line 13
[04-Jul-2012 17:56:57] PHP Notice:  Trying to get property of non-object in C:\Dropbox\Dev\Golf\data\users.php on line 14
[04-Jul-2012 17:57:04] PHP Notice:  Trying to get property of non-object in C:\Dropbox\Dev\Golf\data\scores.php on line 13
[04-Jul-2012 17:57:04] PHP Notice:  Undefined variable: loggedInUser in C:\Dropbox\Dev\Golf\data\users.php on line 14
[04-Jul-2012 17:57:04] PHP Notice:  Trying to get property of non-object in C:\Dropbox\Dev\Golf\data\users.php on line 14
[04-Jul-2012 17:57:54] PHP Notice:  Trying to get property of non-object in C:\Dropbox\Dev\Golf\data\scores.php on line 13
[04-Jul-2012 18:03:11] PHP Notice:  Trying to get property of non-object in C:\Dropbox\Dev\Golf\users\funcs.user.php on line 170
[04-Jul-2012 18:03:11] PHP Notice:  Trying to get property of non-object in C:\Dropbox\Dev\Golf\users\funcs.user.php on line 172
[05-Jul-2012 17:10:13] PHP Notice:  Trying to get property of non-object in C:\Dropbox\Dev\Golf\users\funcs.user.php on line 170
[05-Jul-2012 17:10:13] PHP Notice:  Trying to get property of non-object in C:\Dropbox\Dev\Golf\users\funcs.user.php on line 172
[05-Jul-2012 17:18:56] PHP Notice:  Trying to get property of non-object in C:\Dropbox\Dev\Golf\users\funcs.user.php on line 170
[05-Jul-2012 17:18:56] PHP Notice:  Trying to get property of non-object in C:\Dropbox\Dev\Golf\users\funcs.user.php on line 172
[09-Jul-2012 15:11:20] PHP Notice:  Trying to get property of non-object in C:\Dropbox\Dev\Golf\users\funcs.user.php on line 170
[09-Jul-2012 15:11:20] PHP Notice:  Trying to get property of non-object in C:\Dropbox\Dev\Golf\users\funcs.user.php on line 172
[13-Jul-2012 15:39:37] PHP Notice:  Trying to get property of non-object in C:\Dropbox\Dev\Golf\users\funcs.user.php on line 170
[13-Jul-2012 15:39:37] PHP Notice:  Trying to get property of non-object in C:\Dropbox\Dev\Golf\users\funcs.user.php on line 172
[13-Jul-2012 16:11:36] PHP Notice:  Trying to get property of non-object in C:\Dropbox\Dev\Golf\users\funcs.user.php on line 170
[13-Jul-2012 16:11:36] PHP Notice:  Trying to get property of non-object in C:\Dropbox\Dev\Golf\users\funcs.user.php on line 172
[13-Jul-2012 16:15:03] PHP Notice:  Trying to get property of non-object in C:\Dropbox\Dev\Golf\users\funcs.user.php on line 170
[13-Jul-2012 16:15:03] PHP Notice:  Trying to get property of non-object in C:\Dropbox\Dev\Golf\users\funcs.user.php on line 172
[17-Jul-2012 23:47:51] PHP Notice:  Trying to get property of non-object in C:\Dropbox\Dev\Golf\users\funcs.user.php on line 170
[17-Jul-2012 23:47:51] PHP Notice:  Trying to get property of non-object in C:\Dropbox\Dev\Golf\users\funcs.user.php on line 172
[20-Jul-2012 14:23:40] PHP Notice:  Trying to get property of non-object in C:\Dropbox\Dev\Golf\users\funcs.user.php on line 170
[20-Jul-2012 14:23:40] PHP Notice:  Trying to get property of non-object in C:\Dropbox\Dev\Golf\users\funcs.user.php on line 172
[20-Jul-2012 14:24:50] PHP Notice:  Trying to get property of non-object in C:\Dropbox\Dev\Golf\users\funcs.user.php on line 170
[20-Jul-2012 14:24:50] PHP Notice:  Trying to get property of non-object in C:\Dropbox\Dev\Golf\users\funcs.user.php on line 172
[23-Jul-2012 10:50:22] PHP Notice:  Trying to get property of non-object in C:\Dropbox\Dev\Golf\users\funcs.user.php on line 170
[23-Jul-2012 10:50:22] PHP Notice:  Trying to get property of non-object in C:\Dropbox\Dev\Golf\users\funcs.user.php on line 172
